<?xml version="1.0" encoding="UTF-8"?>
<testng-results ignored="0" total="2" passed="2" failed="0" skipped="0">
  <reporter-output>
    <line>
      <![CDATA[<table> <tr >  <img   style="border:1px solid black;"      src="C:\HTML Report\HtmlTemplates\Logo.JPEG"></tr><tr   ><center><font color="red"  size="15" >TC01_Add_Nationality_Iterration_1</font></center></tr><tr bgcolor="#9370DB"> <th width="100px"> <center><font color="white"  size="4" >Steps</font></center><font color="white"  size="4" ></font></center> </th> <th width="450px" ><center><font color="white"  size="4" >Details </font> </center></th> <th width="100px" ><center><font color="white"  size="4" >Status</font></center></th>  <th  width="250px"  ><center><font color="white"  size="4" >Screen Shots</font></center></th> <th width="250px"  ><center><font color="white"  size="4" >Date & Time</font></center></th>  </tr>       ]]>
    </line>
    <line>
      <![CDATA[ <tr bgcolor="#eee"> <th width="100px"> <center>Step&nbsp;1</center> </th> <th width="450px" ><center><b><font color='black'>   Open Url - Orange HRM Url Invoked Successfully </b> </font></center></th> <th width="100px" ><center><img src='file:///C:\HTML Report\HtmlTemplates\passed.ico'    +     "width="30" + height="30"></img></center></th>  <th  width="250px"  ><center><a href=C:/HTML Report/test-output/TempScreenShots/TC01_Add_Nationality_Iterration_1_2020_Feb_26_9_40_55_889_PM/26_Feb_2020 9_40_59_138 PM.png target="popup" onclick="window.open('C:/HTML Report/test-output/TempScreenShots/TC01_Add_Nationality_Iterration_1_2020_Feb_26_9_40_55_889_PM/26_Feb_2020 9_40_59_138 PM.png','popup','width=600,height=600'); return false;"> ScreenShot</a> </center></th> <th width="250px"  ><center>2020_Feb_26_9_40_59_807_PM</center></th>  </tr>      ]]>
    </line>
    <line>
      <![CDATA[ <tr bgcolor="#ddd"> <th width="100px"> <center>Step&nbsp;2</center> </th> <th width="450px" ><center><b><font color='black'>   Login Page - Enter user Name</b> </font></center></th> <th width="100px" ><center><img src='file:///C:\HTML Report\HtmlTemplates\passed.ico'    +     "width="30" + height="30"></img></center></th>  <th  width="250px"  ><center><a href=C:/HTML Report/test-output/TempScreenShots/TC01_Add_Nationality_Iterration_1_2020_Feb_26_9_40_55_889_PM/26_Feb_2020 9_41_00_029 PM.png target="popup" onclick="window.open('C:/HTML Report/test-output/TempScreenShots/TC01_Add_Nationality_Iterration_1_2020_Feb_26_9_40_55_889_PM/26_Feb_2020 9_41_00_029 PM.png','popup','width=600,height=600'); return false;"> ScreenShot</a> </center></th> <th width="250px"  ><center>2020_Feb_26_9_41_00_585_PM</center></th>  </tr>      ]]>
    </line>
    <line>
      <![CDATA[ <tr bgcolor="#eee"> <th width="100px"> <center>Step&nbsp;3</center> </th> <th width="450px" ><center><b><font color='black'>   Login Page - Enter Password</b> </font></center></th> <th width="100px" ><center><img src='file:///C:\HTML Report\HtmlTemplates\passed.ico'    +     "width="30" + height="30"></img></center></th>  <th  width="250px"  ><center><a href=C:/HTML Report/test-output/TempScreenShots/TC01_Add_Nationality_Iterration_1_2020_Feb_26_9_40_55_889_PM/26_Feb_2020 9_41_01_052 PM.png target="popup" onclick="window.open('C:/HTML Report/test-output/TempScreenShots/TC01_Add_Nationality_Iterration_1_2020_Feb_26_9_40_55_889_PM/26_Feb_2020 9_41_01_052 PM.png','popup','width=600,height=600'); return false;"> ScreenShot</a> </center></th> <th width="250px"  ><center>2020_Feb_26_9_41_01_564_PM</center></th>  </tr>      ]]>
    </line>
    <line>
      <![CDATA[ <tr bgcolor="#ddd"> <th width="100px"> <center>Step&nbsp;4</center> </th> <th width="450px" ><center><b><font color='black'>   Login Page - Click on Sign In</b> </font></center></th> <th width="100px" ><center><img src='file:///C:\HTML Report\HtmlTemplates\passed.ico'    +     "width="30" + height="30"></img></center></th>  <th  width="250px"  ><center><a href=C:/HTML Report/test-output/TempScreenShots/TC01_Add_Nationality_Iterration_1_2020_Feb_26_9_40_55_889_PM/26_Feb_2020 9_41_01_641 PM.png target="popup" onclick="window.open('C:/HTML Report/test-output/TempScreenShots/TC01_Add_Nationality_Iterration_1_2020_Feb_26_9_40_55_889_PM/26_Feb_2020 9_41_01_641 PM.png','popup','width=600,height=600'); return false;"> ScreenShot</a> </center></th> <th width="250px"  ><center>2020_Feb_26_9_41_02_119_PM</center></th>  </tr>      ]]>
    </line>
    <line>
      <![CDATA[ <tr bgcolor="#eee"> <th width="100px"> <center>Step&nbsp;5</center> </th> <th width="450px" ><center><b><font color='black'>   Nationality Page - Nationality Entered</b> </font></center></th> <th width="100px" ><center><img src='file:///C:\HTML Report\HtmlTemplates\passed.ico'    +     "width="30" + height="30"></img></center></th>  <th  width="250px"  ><center><a href=C:/HTML Report/test-output/TempScreenShots/TC01_Add_Nationality_Iterration_1_2020_Feb_26_9_40_55_889_PM/26_Feb_2020 9_41_09_334 PM.png target="popup" onclick="window.open('C:/HTML Report/test-output/TempScreenShots/TC01_Add_Nationality_Iterration_1_2020_Feb_26_9_40_55_889_PM/26_Feb_2020 9_41_09_334 PM.png','popup','width=600,height=600'); return false;"> ScreenShot</a> </center></th> <th width="250px"  ><center>2020_Feb_26_9_41_09_675_PM</center></th>  </tr>      ]]>
    </line>
    <line>
      <![CDATA[ <tr bgcolor="#ddd"> <th width="100px"> <center>Step&nbsp;6</center> </th> <th width="450px" ><center><b><font color='black'>   Scroll Nationality </b> </font></center></th> <th width="100px" ><center><img src='file:///C:\HTML Report\HtmlTemplates\passed.ico'    +     "width="30" + height="30"></img></center></th>  <th  width="250px"  ><center><a href=C:/HTML Report/test-output/TempScreenShots/TC01_Add_Nationality_Iterration_1_2020_Feb_26_9_40_55_889_PM/26_Feb_2020 9_41_11_265 PM.png target="popup" onclick="window.open('C:/HTML Report/test-output/TempScreenShots/TC01_Add_Nationality_Iterration_1_2020_Feb_26_9_40_55_889_PM/26_Feb_2020 9_41_11_265 PM.png','popup','width=600,height=600'); return false;"> ScreenShot</a> </center></th> <th width="250px"  ><center>2020_Feb_26_9_41_11_642_PM</center></th>  </tr>      ]]>
    </line>
    <line>
      <![CDATA[<table> <tr >  <img   style="border:1px solid black;"      src="C:\HTML Report\HtmlTemplates\Logo.JPEG"></tr><tr   ><center><font color="red"  size="15" >TC01_Add_Nationality_Iterration_2</font></center></tr><tr bgcolor="#9370DB"> <th width="100px"> <center><font color="white"  size="4" >Steps</font></center><font color="white"  size="4" ></font></center> </th> <th width="450px" ><center><font color="white"  size="4" >Details </font> </center></th> <th width="100px" ><center><font color="white"  size="4" >Status</font></center></th>  <th  width="250px"  ><center><font color="white"  size="4" >Screen Shots</font></center></th> <th width="250px"  ><center><font color="white"  size="4" >Date & Time</font></center></th>  </tr>       ]]>
    </line>
    <line>
      <![CDATA[ <tr bgcolor="#eee"> <th width="100px"> <center>Step&nbsp;1</center> </th> <th width="450px" ><center><b><font color='black'>   Nationality Page - Nationality Entered</b> </font></center></th> <th width="100px" ><center><img src='file:///C:\HTML Report\HtmlTemplates\passed.ico'    +     "width="30" + height="30"></img></center></th>  <th  width="250px"  ><center><a href=C:/HTML Report/test-output/TempScreenShots/TC01_Add_Nationality_Iterration_2_2020_Feb_26_9_41_11_661_PM/26_Feb_2020 9_41_14_488 PM.png target="popup" onclick="window.open('C:/HTML Report/test-output/TempScreenShots/TC01_Add_Nationality_Iterration_2_2020_Feb_26_9_41_11_661_PM/26_Feb_2020 9_41_14_488 PM.png','popup','width=600,height=600'); return false;"> ScreenShot</a> </center></th> <th width="250px"  ><center>2020_Feb_26_9_41_14_849_PM</center></th>  </tr>      ]]>
    </line>
    <line>
      <![CDATA[ <tr bgcolor="#ddd"> <th width="100px"> <center>Step&nbsp;2</center> </th> <th width="450px" ><center><b><font color='black'>   Scroll Nationality </b> </font></center></th> <th width="100px" ><center><img src='file:///C:\HTML Report\HtmlTemplates\passed.ico'    +     "width="30" + height="30"></img></center></th>  <th  width="250px"  ><center><a href=C:/HTML Report/test-output/TempScreenShots/TC01_Add_Nationality_Iterration_2_2020_Feb_26_9_41_11_661_PM/26_Feb_2020 9_41_16_541 PM.png target="popup" onclick="window.open('C:/HTML Report/test-output/TempScreenShots/TC01_Add_Nationality_Iterration_2_2020_Feb_26_9_41_11_661_PM/26_Feb_2020 9_41_16_541 PM.png','popup','width=600,height=600'); return false;"> ScreenShot</a> </center></th> <th width="250px"  ><center>2020_Feb_26_9_41_16_901_PM</center></th>  </tr>      ]]>
    </line>
    <line>
      <![CDATA[ <tr bgcolor="#eee"> <th width="100px"> <center>Step&nbsp;3</center> </th> <th width="450px" ><center><b><font color='black'>   HomePage - Logout</b> </font></center></th> <th width="100px" ><center><img src='file:///C:\HTML Report\HtmlTemplates\passed.ico'    +     "width="30" + height="30"></img></center></th>  <th  width="250px"  ><center><a href=C:/HTML Report/test-output/TempScreenShots/TC01_Add_Nationality_Iterration_2_2020_Feb_26_9_41_11_661_PM/26_Feb_2020 9_41_17_539 PM.png target="popup" onclick="window.open('C:/HTML Report/test-output/TempScreenShots/TC01_Add_Nationality_Iterration_2_2020_Feb_26_9_41_11_661_PM/26_Feb_2020 9_41_17_539 PM.png','popup','width=600,height=600'); return false;"> ScreenShot</a> </center></th> <th width="250px"  ><center>2020_Feb_26_9_41_18_345_PM</center></th>  </tr>      ]]>
    </line>
    <line>
      <![CDATA[ <tr bgcolor="#ddd"> <th width="100px"> <center>Step&nbsp;4</center> </th> <th width="450px" ><center><b><font color='black'>   After Click on Logout- Logged out Succefully</b> </font></center></th> <th width="100px" ><center><img src='file:///C:\HTML Report\HtmlTemplates\passed.ico'    +     "width="30" + height="30"></img></center></th>  <th  width="250px"  ><center><a href=C:/HTML Report/test-output/TempScreenShots/TC01_Add_Nationality_Iterration_2_2020_Feb_26_9_41_11_661_PM/26_Feb_2020 9_41_19_909 PM.png target="popup" onclick="window.open('C:/HTML Report/test-output/TempScreenShots/TC01_Add_Nationality_Iterration_2_2020_Feb_26_9_41_11_661_PM/26_Feb_2020 9_41_19_909 PM.png','popup','width=600,height=600'); return false;"> ScreenShot</a> </center></th> <th width="250px"  ><center>2020_Feb_26_9_41_20_294_PM</center></th>  </tr>      ]]>
    </line>
  </reporter-output>
  <suite started-at="2020-02-26T16:10:42Z" name="Suite" finished-at="2020-02-26T16:11:21Z" duration-ms="38762">
    <groups>
    </groups>
    <test started-at="2020-02-26T16:10:42Z" name="TC01_Add_Nationality" finished-at="2020-02-26T16:11:21Z" duration-ms="38762">
      <class name="TestCases.TC01_Add_Nationality">
        <test-method is-config="true" signature="CreateHTML(java.lang.String)[pri:0, instance:TestCases.TC01_Add_Nationality@36d585c]" started-at="2020-02-26T16:10:42Z" name="CreateHTML" finished-at="2020-02-26T16:10:54Z" duration-ms="11546" status="PASS">
          <params>
            <param index="0">
              <value>
                <![CDATA[Chrome]]>
              </value>
            </param>
          </params>
          <reporter-output>
          </reporter-output>
        </test-method> <!-- CreateHTML -->
        <test-method signature="Nationality_call_allmethods(java.lang.String, java.lang.String, java.lang.String, java.lang.String)[pri:0, instance:TestCases.TC01_Add_Nationality@36d585c]" started-at="2020-02-26T16:10:55Z" name="Nationality_call_allmethods" data-provider="TC01_Add_Nationality1" finished-at="2020-02-26T16:11:11Z" duration-ms="15814" status="PASS">
          <params>
            <param index="0">
              <value>
                <![CDATA[https://opensource-demo.orangehrmlive.com/]]>
              </value>
            </param>
            <param index="1">
              <value>
                <![CDATA[Admin]]>
              </value>
            </param>
            <param index="2">
              <value>
                <![CDATA[admin123]]>
              </value>
            </param>
            <param index="3">
              <value>
                <![CDATA[Mexicans127]]>
              </value>
            </param>
          </params>
          <reporter-output>
            <line>
              <![CDATA[<table> <tr >  <img   style="border:1px solid black;"      src="C:\HTML Report\HtmlTemplates\Logo.JPEG"></tr><tr   ><center><font color="red"  size="15" >TC01_Add_Nationality_Iterration_1</font></center></tr><tr bgcolor="#9370DB"> <th width="100px"> <center><font color="white"  size="4" >Steps</font></center><font color="white"  size="4" ></font></center> </th> <th width="450px" ><center><font color="white"  size="4" >Details </font> </center></th> <th width="100px" ><center><font color="white"  size="4" >Status</font></center></th>  <th  width="250px"  ><center><font color="white"  size="4" >Screen Shots</font></center></th> <th width="250px"  ><center><font color="white"  size="4" >Date & Time</font></center></th>  </tr>       ]]>
            </line>
            <line>
              <![CDATA[ <tr bgcolor="#eee"> <th width="100px"> <center>Step&nbsp;1</center> </th> <th width="450px" ><center><b><font color='black'>   Open Url - Orange HRM Url Invoked Successfully </b> </font></center></th> <th width="100px" ><center><img src='file:///C:\HTML Report\HtmlTemplates\passed.ico'    +     "width="30" + height="30"></img></center></th>  <th  width="250px"  ><center><a href=C:/HTML Report/test-output/TempScreenShots/TC01_Add_Nationality_Iterration_1_2020_Feb_26_9_40_55_889_PM/26_Feb_2020 9_40_59_138 PM.png target="popup" onclick="window.open('C:/HTML Report/test-output/TempScreenShots/TC01_Add_Nationality_Iterration_1_2020_Feb_26_9_40_55_889_PM/26_Feb_2020 9_40_59_138 PM.png','popup','width=600,height=600'); return false;"> ScreenShot</a> </center></th> <th width="250px"  ><center>2020_Feb_26_9_40_59_807_PM</center></th>  </tr>      ]]>
            </line>
            <line>
              <![CDATA[ <tr bgcolor="#ddd"> <th width="100px"> <center>Step&nbsp;2</center> </th> <th width="450px" ><center><b><font color='black'>   Login Page - Enter user Name</b> </font></center></th> <th width="100px" ><center><img src='file:///C:\HTML Report\HtmlTemplates\passed.ico'    +     "width="30" + height="30"></img></center></th>  <th  width="250px"  ><center><a href=C:/HTML Report/test-output/TempScreenShots/TC01_Add_Nationality_Iterration_1_2020_Feb_26_9_40_55_889_PM/26_Feb_2020 9_41_00_029 PM.png target="popup" onclick="window.open('C:/HTML Report/test-output/TempScreenShots/TC01_Add_Nationality_Iterration_1_2020_Feb_26_9_40_55_889_PM/26_Feb_2020 9_41_00_029 PM.png','popup','width=600,height=600'); return false;"> ScreenShot</a> </center></th> <th width="250px"  ><center>2020_Feb_26_9_41_00_585_PM</center></th>  </tr>      ]]>
            </line>
            <line>
              <![CDATA[ <tr bgcolor="#eee"> <th width="100px"> <center>Step&nbsp;3</center> </th> <th width="450px" ><center><b><font color='black'>   Login Page - Enter Password</b> </font></center></th> <th width="100px" ><center><img src='file:///C:\HTML Report\HtmlTemplates\passed.ico'    +     "width="30" + height="30"></img></center></th>  <th  width="250px"  ><center><a href=C:/HTML Report/test-output/TempScreenShots/TC01_Add_Nationality_Iterration_1_2020_Feb_26_9_40_55_889_PM/26_Feb_2020 9_41_01_052 PM.png target="popup" onclick="window.open('C:/HTML Report/test-output/TempScreenShots/TC01_Add_Nationality_Iterration_1_2020_Feb_26_9_40_55_889_PM/26_Feb_2020 9_41_01_052 PM.png','popup','width=600,height=600'); return false;"> ScreenShot</a> </center></th> <th width="250px"  ><center>2020_Feb_26_9_41_01_564_PM</center></th>  </tr>      ]]>
            </line>
            <line>
              <![CDATA[ <tr bgcolor="#ddd"> <th width="100px"> <center>Step&nbsp;4</center> </th> <th width="450px" ><center><b><font color='black'>   Login Page - Click on Sign In</b> </font></center></th> <th width="100px" ><center><img src='file:///C:\HTML Report\HtmlTemplates\passed.ico'    +     "width="30" + height="30"></img></center></th>  <th  width="250px"  ><center><a href=C:/HTML Report/test-output/TempScreenShots/TC01_Add_Nationality_Iterration_1_2020_Feb_26_9_40_55_889_PM/26_Feb_2020 9_41_01_641 PM.png target="popup" onclick="window.open('C:/HTML Report/test-output/TempScreenShots/TC01_Add_Nationality_Iterration_1_2020_Feb_26_9_40_55_889_PM/26_Feb_2020 9_41_01_641 PM.png','popup','width=600,height=600'); return false;"> ScreenShot</a> </center></th> <th width="250px"  ><center>2020_Feb_26_9_41_02_119_PM</center></th>  </tr>      ]]>
            </line>
            <line>
              <![CDATA[ <tr bgcolor="#eee"> <th width="100px"> <center>Step&nbsp;5</center> </th> <th width="450px" ><center><b><font color='black'>   Nationality Page - Nationality Entered</b> </font></center></th> <th width="100px" ><center><img src='file:///C:\HTML Report\HtmlTemplates\passed.ico'    +     "width="30" + height="30"></img></center></th>  <th  width="250px"  ><center><a href=C:/HTML Report/test-output/TempScreenShots/TC01_Add_Nationality_Iterration_1_2020_Feb_26_9_40_55_889_PM/26_Feb_2020 9_41_09_334 PM.png target="popup" onclick="window.open('C:/HTML Report/test-output/TempScreenShots/TC01_Add_Nationality_Iterration_1_2020_Feb_26_9_40_55_889_PM/26_Feb_2020 9_41_09_334 PM.png','popup','width=600,height=600'); return false;"> ScreenShot</a> </center></th> <th width="250px"  ><center>2020_Feb_26_9_41_09_675_PM</center></th>  </tr>      ]]>
            </line>
            <line>
              <![CDATA[ <tr bgcolor="#ddd"> <th width="100px"> <center>Step&nbsp;6</center> </th> <th width="450px" ><center><b><font color='black'>   Scroll Nationality </b> </font></center></th> <th width="100px" ><center><img src='file:///C:\HTML Report\HtmlTemplates\passed.ico'    +     "width="30" + height="30"></img></center></th>  <th  width="250px"  ><center><a href=C:/HTML Report/test-output/TempScreenShots/TC01_Add_Nationality_Iterration_1_2020_Feb_26_9_40_55_889_PM/26_Feb_2020 9_41_11_265 PM.png target="popup" onclick="window.open('C:/HTML Report/test-output/TempScreenShots/TC01_Add_Nationality_Iterration_1_2020_Feb_26_9_40_55_889_PM/26_Feb_2020 9_41_11_265 PM.png','popup','width=600,height=600'); return false;"> ScreenShot</a> </center></th> <th width="250px"  ><center>2020_Feb_26_9_41_11_642_PM</center></th>  </tr>      ]]>
            </line>
          </reporter-output>
        </test-method> <!-- Nationality_call_allmethods -->
        <test-method signature="Nationality_call_allmethods(java.lang.String, java.lang.String, java.lang.String, java.lang.String)[pri:0, instance:TestCases.TC01_Add_Nationality@36d585c]" started-at="2020-02-26T16:11:11Z" name="Nationality_call_allmethods" data-provider="TC01_Add_Nationality1" finished-at="2020-02-26T16:11:16Z" duration-ms="5255" status="PASS">
          <params>
            <param index="0">
              <value>
                <![CDATA[https://opensource-demo.orangehrmlive.com/]]>
              </value>
            </param>
            <param index="1">
              <value>
                <![CDATA[Admin]]>
              </value>
            </param>
            <param index="2">
              <value>
                <![CDATA[admin123]]>
              </value>
            </param>
            <param index="3">
              <value>
                <![CDATA[Mexicans128]]>
              </value>
            </param>
          </params>
          <reporter-output>
            <line>
              <![CDATA[<table> <tr >  <img   style="border:1px solid black;"      src="C:\HTML Report\HtmlTemplates\Logo.JPEG"></tr><tr   ><center><font color="red"  size="15" >TC01_Add_Nationality_Iterration_2</font></center></tr><tr bgcolor="#9370DB"> <th width="100px"> <center><font color="white"  size="4" >Steps</font></center><font color="white"  size="4" ></font></center> </th> <th width="450px" ><center><font color="white"  size="4" >Details </font> </center></th> <th width="100px" ><center><font color="white"  size="4" >Status</font></center></th>  <th  width="250px"  ><center><font color="white"  size="4" >Screen Shots</font></center></th> <th width="250px"  ><center><font color="white"  size="4" >Date & Time</font></center></th>  </tr>       ]]>
            </line>
            <line>
              <![CDATA[ <tr bgcolor="#eee"> <th width="100px"> <center>Step&nbsp;1</center> </th> <th width="450px" ><center><b><font color='black'>   Nationality Page - Nationality Entered</b> </font></center></th> <th width="100px" ><center><img src='file:///C:\HTML Report\HtmlTemplates\passed.ico'    +     "width="30" + height="30"></img></center></th>  <th  width="250px"  ><center><a href=C:/HTML Report/test-output/TempScreenShots/TC01_Add_Nationality_Iterration_2_2020_Feb_26_9_41_11_661_PM/26_Feb_2020 9_41_14_488 PM.png target="popup" onclick="window.open('C:/HTML Report/test-output/TempScreenShots/TC01_Add_Nationality_Iterration_2_2020_Feb_26_9_41_11_661_PM/26_Feb_2020 9_41_14_488 PM.png','popup','width=600,height=600'); return false;"> ScreenShot</a> </center></th> <th width="250px"  ><center>2020_Feb_26_9_41_14_849_PM</center></th>  </tr>      ]]>
            </line>
            <line>
              <![CDATA[ <tr bgcolor="#ddd"> <th width="100px"> <center>Step&nbsp;2</center> </th> <th width="450px" ><center><b><font color='black'>   Scroll Nationality </b> </font></center></th> <th width="100px" ><center><img src='file:///C:\HTML Report\HtmlTemplates\passed.ico'    +     "width="30" + height="30"></img></center></th>  <th  width="250px"  ><center><a href=C:/HTML Report/test-output/TempScreenShots/TC01_Add_Nationality_Iterration_2_2020_Feb_26_9_41_11_661_PM/26_Feb_2020 9_41_16_541 PM.png target="popup" onclick="window.open('C:/HTML Report/test-output/TempScreenShots/TC01_Add_Nationality_Iterration_2_2020_Feb_26_9_41_11_661_PM/26_Feb_2020 9_41_16_541 PM.png','popup','width=600,height=600'); return false;"> ScreenShot</a> </center></th> <th width="250px"  ><center>2020_Feb_26_9_41_16_901_PM</center></th>  </tr>      ]]>
            </line>
          </reporter-output>
        </test-method> <!-- Nationality_call_allmethods -->
        <test-method is-config="true" signature="CloseHtml()[pri:0, instance:TestCases.TC01_Add_Nationality@36d585c]" started-at="2020-02-26T16:11:16Z" name="CloseHtml" finished-at="2020-02-26T16:11:21Z" duration-ms="4310" status="PASS">
          <reporter-output>
            <line>
              <![CDATA[ <tr bgcolor="#eee"> <th width="100px"> <center>Step&nbsp;3</center> </th> <th width="450px" ><center><b><font color='black'>   HomePage - Logout</b> </font></center></th> <th width="100px" ><center><img src='file:///C:\HTML Report\HtmlTemplates\passed.ico'    +     "width="30" + height="30"></img></center></th>  <th  width="250px"  ><center><a href=C:/HTML Report/test-output/TempScreenShots/TC01_Add_Nationality_Iterration_2_2020_Feb_26_9_41_11_661_PM/26_Feb_2020 9_41_17_539 PM.png target="popup" onclick="window.open('C:/HTML Report/test-output/TempScreenShots/TC01_Add_Nationality_Iterration_2_2020_Feb_26_9_41_11_661_PM/26_Feb_2020 9_41_17_539 PM.png','popup','width=600,height=600'); return false;"> ScreenShot</a> </center></th> <th width="250px"  ><center>2020_Feb_26_9_41_18_345_PM</center></th>  </tr>      ]]>
            </line>
            <line>
              <![CDATA[ <tr bgcolor="#ddd"> <th width="100px"> <center>Step&nbsp;4</center> </th> <th width="450px" ><center><b><font color='black'>   After Click on Logout- Logged out Succefully</b> </font></center></th> <th width="100px" ><center><img src='file:///C:\HTML Report\HtmlTemplates\passed.ico'    +     "width="30" + height="30"></img></center></th>  <th  width="250px"  ><center><a href=C:/HTML Report/test-output/TempScreenShots/TC01_Add_Nationality_Iterration_2_2020_Feb_26_9_41_11_661_PM/26_Feb_2020 9_41_19_909 PM.png target="popup" onclick="window.open('C:/HTML Report/test-output/TempScreenShots/TC01_Add_Nationality_Iterration_2_2020_Feb_26_9_41_11_661_PM/26_Feb_2020 9_41_19_909 PM.png','popup','width=600,height=600'); return false;"> ScreenShot</a> </center></th> <th width="250px"  ><center>2020_Feb_26_9_41_20_294_PM</center></th>  </tr>      ]]>
            </line>
          </reporter-output>
        </test-method> <!-- CloseHtml -->
      </class> <!-- TestCases.TC01_Add_Nationality -->
    </test> <!-- TC01_Add_Nationality -->
  </suite> <!-- Suite -->
</testng-results>
