<?xml version="1.0" encoding="UTF-8"?>
<!-- Generated by org.testng.reporters.JUnitXMLReporter -->
<testsuite ignored="0" hostname="DESKTOP-VL2N6EH" failures="0" tests="2" name="TC01_Add_Nationality" time="38.762" errors="0" timestamp="26 Feb 2020 16:11:21 GMT">
  <testcase classname="TestCases.TC01_Add_Nationality" name="Nationality_call_allmethods" time="15.814"/>
  <testcase classname="TestCases.TC01_Add_Nationality" name="Nationality_call_allmethods" time="5.255"/>
</testsuite> <!-- TC01_Add_Nationality -->
